["2023-10-09T11:21:23.003", "DEBUG", "ubuntupro.config", "parse_config", 642, "Using client configuration file at /etc/ubuntu-advantage/uaclient.conf", {}]
["2023-10-09T11:21:23.005", "DEBUG", "ubuntupro.system", "load_file", 485, "Reading file: /etc/ubuntu-advantage/uaclient.conf", {}]
["2023-10-09T11:21:23.008", "DEBUG", "ubuntupro.system", "load_file", 485, "Reading file: /var/lib/ubuntu-advantage/user-config.json", {}]
["2023-10-09T11:21:23.008", "DEBUG", "ubuntupro.files.files", "read", 55, "File does not exist: /var/lib/ubuntu-advantage/user-config.json", {}]
["2023-10-09T11:21:23.024", "DEBUG", "ubuntupro.http", "configure_web_proxy", 148, "Setting no_proxy: 169.254.169.254,[fd00:ec2::254],metadata", {}]
["2023-10-09T11:21:23.024", "DEBUG", "ubuntupro.http", "configure_web_proxy", 156, "Setting global proxy dict", {}]
["2023-10-09T11:21:23.024", "DEBUG", "ubuntupro.cli", "main", 2091, "Executed with sys.argv: ['/usr/bin/ua', 'status', '--format=json']", {}]
["2023-10-09T11:21:23.025", "DEBUG", "ubuntupro.system", "load_file", 485, "Reading file: /var/lib/ubuntu-advantage/machine-token.json", {}]
["2023-10-09T11:21:23.025", "DEBUG", "ubuntupro.files.files", "read", 55, "File does not exist: /var/lib/ubuntu-advantage/machine-token.json", {}]
["2023-10-09T11:21:23.025", "DEBUG", "ubuntupro.system", "load_file", 485, "Reading file: /etc/os-release", {}]
["2023-10-09T11:21:23.025", "DEBUG", "ubuntupro.system", "load_file", 485, "Reading file: /proc/version_signature", {}]
["2023-10-09T11:21:23.995", "DEBUG", "ubuntupro.system", "load_file", 485, "Reading file: /var/lib/ubuntu-advantage/machine-token.json", {}]
["2023-10-09T11:21:23.995", "DEBUG", "ubuntupro.files.files", "read", 55, "File does not exist: /var/lib/ubuntu-advantage/machine-token.json", {}]
["2023-10-09T11:21:23.996", "DEBUG", "ubuntupro.http", "readurl", 351, "URL [GET]: https://contracts.canonical.com/v1/resources?architecture=amd64&kernel=5.15.0-86-generic&series=focal&virt=oracle, headers: {'accept': 'application/json', 'content-type': 'application/json', 'user-agent': 'UA-Client/29.4~20.04'}, data: None", {}]
["2023-10-09T11:21:23.997", "DEBUG", "ubuntupro.http", "should_use_pycurl", 209, "Should use pycurl: False", {}]
["2023-10-09T11:21:24.431", "DEBUG", "ubuntupro.http", "readurl", 391, "URL [GET] response: https://contracts.canonical.com/v1/resources?architecture=amd64&kernel=5.15.0-86-generic&series=focal&virt=oracle, headers: {'accept-ranges': 'bytes', 'cache-control': 'no-store, max-age=0', 'connection': 'close', 'content-length': '834', 'content-type': 'application/json', 'date': 'Mon, 09 Oct 2023 09:21:24 GMT', 'server': 'nginx/1.18.0 (Ubuntu)', 'strict-transport-security': 'max-age=15724800; includeSubDomains', 'x-cache-status': 'MISS from content-cache-il3/0', 'x-trace-id': '07cf4884-1188-4541-b6ca-6bd4039121ab'}, data: {'resources': [{'available': True, 'name': 'anbox-cloud'}, {'available': True, 'name': 'anbox-images'}, {'available': True, 'name': 'cc'}, {'available': False, 'name': 'cc-eal'}, {'available': True, 'name': 'cis', 'presentedAs': 'usg'}, {'available': False, 'name': 'esm'}, {'available': True, 'name': 'esm-apps'}, {'available': True, 'name': 'esm-apps-python'}, {'available': True, 'name': 'esm-infra'}, {'available': True, 'name': 'esm-python'}, {'available': False, 'name': 'esm-ros'}, {'available': True, 'name': 'fips'}, {'available': True, 'name': 'fips-preview'}, {'available': True, 'name': 'fips-updates'}, {'available': False, 'name': 'landscape'}, {'available': True, 'name': 'livepatch'}, {'available': True, 'name': 'livepatch-onprem'}, {'available': False, 'name': 'realtime-kernel'}, {'available': True, 'name': 'ros'}, {'available': False, 'name': 'ros-updates'}, {'available': True, 'name': 'support'}]}", {}]
["2023-10-09T11:21:24.432", "DEBUG", "ubuntupro.status", "_unattached_status", 281, "Ignoring availability of unknown service anbox-images from contract server\n", {}]
["2023-10-09T11:21:24.435", "DEBUG", "ubuntupro.status", "_unattached_status", 281, "Ignoring availability of unknown service cc from contract server\n", {}]
["2023-10-09T11:21:24.436", "DEBUG", "ubuntupro.status", "_unattached_status", 281, "Ignoring availability of unknown service esm from contract server\n", {}]
["2023-10-09T11:21:24.437", "DEBUG", "ubuntupro.status", "_unattached_status", 281, "Ignoring availability of unknown service esm-apps-python from contract server\n", {}]
["2023-10-09T11:21:24.438", "DEBUG", "ubuntupro.status", "_unattached_status", 281, "Ignoring availability of unknown service esm-python from contract server\n", {}]
["2023-10-09T11:21:24.438", "DEBUG", "ubuntupro.status", "_unattached_status", 281, "Ignoring availability of unknown service esm-ros from contract server\n", {}]
["2023-10-09T11:21:24.439", "DEBUG", "ubuntupro.status", "_unattached_status", 281, "Ignoring availability of unknown service fips-preview from contract server\n", {}]
["2023-10-09T11:21:24.440", "DEBUG", "ubuntupro.livepatch", "status", 126, "canonical-livepatch is not installed", {}]
["2023-10-09T11:21:24.441", "DEBUG", "ubuntupro.system", "load_file", 485, "Reading file: /home/danny/.cache/ubuntu-pro/livepatch-kernel-support-cache.json", {}]
["2023-10-09T11:21:24.441", "DEBUG", "ubuntupro.files.files", "read", 55, "File does not exist: /home/danny/.cache/ubuntu-pro/livepatch-kernel-support-cache.json", {}]
["2023-10-09T11:21:24.441", "DEBUG", "ubuntupro.livepatch", "on_supported_kernel", 361, "using livepatch support api", {}]
["2023-10-09T11:21:24.441", "DEBUG", "ubuntupro.config", "parse_config", 642, "Using client configuration file at /etc/ubuntu-advantage/uaclient.conf", {}]
["2023-10-09T11:21:24.442", "DEBUG", "ubuntupro.system", "load_file", 485, "Reading file: /etc/ubuntu-advantage/uaclient.conf", {}]
["2023-10-09T11:21:24.448", "DEBUG", "ubuntupro.system", "load_file", 485, "Reading file: /var/lib/ubuntu-advantage/user-config.json", {}]
["2023-10-09T11:21:24.448", "DEBUG", "ubuntupro.files.files", "read", 55, "File does not exist: /var/lib/ubuntu-advantage/user-config.json", {}]
["2023-10-09T11:21:24.449", "DEBUG", "ubuntupro.http", "readurl", 351, "URL [GET]: https://livepatch.canonical.com/v1/api/kernels/supported?architecture=amd64&build-date=2023-09-21T13%3A23%3A37%2B00%3A00&codename=focal&flavour=generic&kernel-version=5.15, headers: {'accept': 'application/json', 'content-type': 'application/json', 'user-agent': 'UA-Client/29.4~20.04'}, data: None", {}]
["2023-10-09T11:21:24.450", "DEBUG", "ubuntupro.http", "should_use_pycurl", 209, "Should use pycurl: False", {}]
["2023-10-09T11:21:24.756", "DEBUG", "ubuntupro.http", "readurl", 391, "URL [GET] response: https://livepatch.canonical.com/v1/api/kernels/supported?architecture=amd64&build-date=2023-09-21T13%3A23%3A37%2B00%3A00&codename=focal&flavour=generic&kernel-version=5.15, headers: {'accept-ranges': 'bytes', 'cache-control': 'no-store, max-age=0', 'connection': 'close', 'content-length': '58', 'content-type': 'application/json', 'date': 'Mon, 09 Oct 2023 09:21:24 GMT', 'server': 'nginx/1.18.0 (Ubuntu)', 'strict-transport-security': 'max-age=15724800; includeSubDomains', 'x-cache-status': 'MISS from content-cache-il3/1'}, data: {'SruDate': datetime.datetime(2024, 10, 21, 13, 23, 37, tzinfo=datetime.timezone.utc), 'Supported': 'supported'}", {}]
["2023-10-09T11:21:24.757", "DEBUG", "ubuntupro.system", "write_file", 525, "Writing file /home/danny/.cache/ubuntu-pro/livepatch-kernel-support-cache.json atomically via tempfile /home/danny/.cache/ubuntu-pro/tmpeu79lpwh", {}]
["2023-10-09T11:21:24.758", "DEBUG", "ubuntupro.status", "_unattached_status", 281, "Ignoring availability of unknown service livepatch-onprem from contract server\n", {}]
["2023-10-09T11:21:24.758", "DEBUG", "ubuntupro.status", "_unattached_status", 281, "Ignoring availability of unknown service support from contract server\n", {}]
